This is pdfTeX, Version 3.1415926-2.3-1.40.12 (MiKTeX 2.9) (preloaded format=pdflatex 2018.1.19)  13 FEB 2018 08:45
entering extended mode
**G:/Dropbox/Dropbox/2018*MCM/latex/main.tex
("G:/Dropbox/Dropbox/2018 MCM/latex/main.tex"
LaTeX2e <2011/06/27>
Babel <v3.8m> and hyphenation patterns for loaded.
("G:\Dropbox\Dropbox\2018 MCM\latex\icmmcm.cls"
Document Class: icmmcm 2016/01/22 ICM/MCM Contest Submission Class
(E:\CTEX\MiKTeX\tex\latex\base\article.cls
Document Class: article 2007/10/19 v1.4h Standard LaTeX document class
(E:\CTEX\MiKTeX\tex\latex\base\size11.clo
File: size11.clo 2007/10/19 v1.4h Standard LaTeX file (size option)
)
\c@part=\count79
\c@section=\count80
\c@subsection=\count81
\c@subsubsection=\count82
\c@paragraph=\count83
\c@subparagraph=\count84
\c@figure=\count85
\c@table=\count86
\abovecaptionskip=\skip41
\belowcaptionskip=\skip42
\bibindent=\dimen102
)
(E:\CTEX\MiKTeX\tex\latex\ams\math\amsmath.sty
Package: amsmath 2000/07/18 v2.13 AMS math features
\@mathmargin=\skip43

For additional information on amsmath, use the `?' option.
(E:\CTEX\MiKTeX\tex\latex\ams\math\amstext.sty
Package: amstext 2000/06/29 v2.01

(E:\CTEX\MiKTeX\tex\latex\ams\math\amsgen.sty
File: amsgen.sty 1999/11/30 v2.0
\@emptytoks=\toks14
\ex@=\dimen103
))
(E:\CTEX\MiKTeX\tex\latex\ams\math\amsbsy.sty
Package: amsbsy 1999/11/29 v1.2d
\pmbraise@=\dimen104
)
(E:\CTEX\MiKTeX\tex\latex\ams\math\amsopn.sty
Package: amsopn 1999/12/14 v2.01 operator names
)
\inf@bad=\count87
LaTeX Info: Redefining \frac on input line 211.
\uproot@=\count88
\leftroot@=\count89
LaTeX Info: Redefining \overline on input line 307.
\classnum@=\count90
\DOTSCASE@=\count91
LaTeX Info: Redefining \ldots on input line 379.
LaTeX Info: Redefining \dots on input line 382.
LaTeX Info: Redefining \cdots on input line 467.
\Mathstrutbox@=\box26
\strutbox@=\box27
\big@size=\dimen105
LaTeX Font Info:    Redeclaring font encoding OML on input line 567.
LaTeX Font Info:    Redeclaring font encoding OMS on input line 568.
\macc@depth=\count92
\c@MaxMatrixCols=\count93
\dotsspace@=\muskip10
\c@parentequation=\count94
\dspbrk@lvl=\count95
\tag@help=\toks15
\row@=\count96
\column@=\count97
\maxfields@=\count98
\andhelp@=\toks16
\eqnshift@=\dimen106
\alignsep@=\dimen107
\tagshift@=\dimen108
\tagwidth@=\dimen109
\totwidth@=\dimen110
\lineht@=\dimen111
\@envbody=\toks17
\multlinegap=\skip44
\multlinetaggap=\skip45
\mathdisplay@stack=\toks18
LaTeX Info: Redefining \[ on input line 2666.
LaTeX Info: Redefining \] on input line 2667.
)
(E:\CTEX\MiKTeX\tex\latex\amsfonts\amsfonts.sty
Package: amsfonts 2009/06/22 v3.00 Basic AMSFonts support
\symAMSa=\mathgroup4
\symAMSb=\mathgroup5
LaTeX Font Info:    Overwriting math alphabet `\mathfrak' in version `bold'
(Font)                  U/euf/m/n --> U/euf/b/n on input line 96.
)
(E:\CTEX\MiKTeX\tex\latex\psnfss\mathpazo.sty
Package: mathpazo 2005/04/12 PSNFSS-v9.2a Palatino w/ Pazo Math (D.Puga, WaS) 
\symupright=\mathgroup6
)
(E:\CTEX\MiKTeX\tex\latex\lastpage\lastpage.sty
Package: lastpage 2011/09/01 v1.2k Refers to last page's name (HMM; JPG)
)
(E:\CTEX\MiKTeX\tex\latex\tools\xspace.sty
Package: xspace 2009/10/20 v1.13 Space after command names (DPC,MH)
)
(E:\CTEX\MiKTeX\tex\latex\tools\verbatim.sty
Package: verbatim 2003/08/22 v1.5q LaTeX2e package for verbatim enhancements
\every@verbatim=\toks19
\verbatim@line=\toks20
\verbatim@in@stream=\read1
)
(E:\CTEX\MiKTeX\tex\latex\booktabs\booktabs.sty
Package: booktabs 2005/04/14 v1.61803 publication quality tables
\heavyrulewidth=\dimen112
\lightrulewidth=\dimen113
\cmidrulewidth=\dimen114
\belowrulesep=\dimen115
\belowbottomsep=\dimen116
\aboverulesep=\dimen117
\abovetopsep=\dimen118
\cmidrulesep=\dimen119
\cmidrulekern=\dimen120
\defaultaddspace=\dimen121
\@cmidla=\count99
\@cmidlb=\count100
\@aboverulesep=\dimen122
\@belowrulesep=\dimen123
\@thisruleclass=\count101
\@lastruleclass=\count102
\@thisrulewidth=\dimen124
)
(E:\CTEX\MiKTeX\tex\latex\base\ifthen.sty
Package: ifthen 2001/05/26 v1.1c Standard LaTeX ifthen package (DPC)
)
(E:\CTEX\MiKTeX\tex\latex\fancyhdr\fancyhdr.sty
\fancy@headwidth=\skip46
\f@ncyO@elh=\skip47
\f@ncyO@erh=\skip48
\f@ncyO@olh=\skip49
\f@ncyO@orh=\skip50
\f@ncyO@elf=\skip51
\f@ncyO@erf=\skip52
\f@ncyO@olf=\skip53
\f@ncyO@orf=\skip54
)

Package Fancyhdr Warning: \fancyhead's `E' option without twoside option is use
less on input line 100.


Package Fancyhdr Warning: \fancyhead's `E' option without twoside option is use
less on input line 101.

) (E:\CTEX\MiKTeX\tex\latex\graphics\graphicx.sty
Package: graphicx 1999/02/16 v1.0f Enhanced LaTeX Graphics (DPC,SPQR)

(E:\CTEX\MiKTeX\tex\latex\graphics\keyval.sty
Package: keyval 1999/03/16 v1.13 key=value parser (DPC)
\KV@toks@=\toks21
)
(E:\CTEX\MiKTeX\tex\latex\graphics\graphics.sty
Package: graphics 2009/02/05 v1.0o Standard LaTeX Graphics (DPC,SPQR)

(E:\CTEX\MiKTeX\tex\latex\graphics\trig.sty
Package: trig 1999/03/16 v1.09 sin cos tan (DPC)
)
(E:\CTEX\MiKTeX\tex\latex\00miktex\graphics.cfg
File: graphics.cfg 2007/01/18 v1.5 graphics configuration of teTeX/TeXLive
)
Package graphics Info: Driver file: pdftex.def on input line 91.

(E:\CTEX\MiKTeX\tex\latex\pdftex-def\pdftex.def
File: pdftex.def 2011/05/27 v0.06d Graphics/color for pdfTeX

(E:\CTEX\MiKTeX\tex\generic\oberdiek\infwarerr.sty
Package: infwarerr 2010/04/08 v1.3 Providing info/warning/message (HO)
)
(E:\CTEX\MiKTeX\tex\generic\oberdiek\ltxcmds.sty
Package: ltxcmds 2011/04/18 v1.20 LaTeX kernel commands for general use (HO)
)
\Gread@gobject=\count103
))
\Gin@req@height=\dimen125
\Gin@req@width=\dimen126
)
(E:\CTEX\MiKTeX\tex\latex\amsfonts\amssymb.sty
Package: amssymb 2009/06/22 v3.00
)
(E:\CTEX\MiKTeX\tex\latex\ams\classes\amsthm.sty
Package: amsthm 2004/08/06 v2.20
\thm@style=\toks22
\thm@bodyfont=\toks23
\thm@headfont=\toks24
\thm@notefont=\toks25
\thm@headpunct=\toks26
\thm@preskip=\skip55
\thm@postskip=\skip56
\thm@headsep=\skip57
\dth@everypar=\toks27
)
(E:\CTEX\MiKTeX\tex\latex\tools\bm.sty
Package: bm 2004/02/26 v1.1c Bold Symbol Support (DPC/FMi)
\symboldoperators=\mathgroup7
\symboldletters=\mathgroup8
\symboldsymbols=\mathgroup9
\symboldupright=\mathgroup10
LaTeX Font Info:    Redeclaring math alphabet \mathbf on input line 138.
LaTeX Info: Redefining \bm on input line 204.
) (E:\CTEX\MiKTeX\tex\latex\cite\cite.sty
LaTeX Info: Redefining \cite on input line 302.
LaTeX Info: Redefining \nocite on input line 373.
Package: cite 2010/09/10  v 5.3
) (E:\CTEX\MiKTeX\tex\latex\subfigure\subfigure.sty
Package: subfigure 2002/07/30 v2.1.4 subfigure package
\subfigtopskip=\skip58
\subfigcapskip=\skip59
\subfigcaptopadj=\dimen127
\subfigbottomskip=\skip60
\subfigcapmargin=\dimen128
\subfiglabelskip=\skip61
\c@subfigure=\count104
\c@lofdepth=\count105
\c@subtable=\count106
\c@lotdepth=\count107

****************************************
* Local config file subfigure.cfg used *
****************************************
(E:\CTEX\MiKTeX\tex\latex\subfigure\subfigure.cfg)
\subfig@top=\skip62
\subfig@bottom=\skip63
)
(E:\CTEX\MiKTeX\tex\latex\oberdiek\epstopdf.sty
Package: epstopdf 2010/02/09 v2.5 Conversion with epstopdf on the fly (HO)

(E:\CTEX\MiKTeX\tex\latex\oberdiek\epstopdf-base.sty
Package: epstopdf-base 2010/02/09 v2.5 Base part for package epstopdf

(E:\CTEX\MiKTeX\tex\latex\oberdiek\grfext.sty
Package: grfext 2010/08/19 v1.1 Managing graphics extensions (HO)

(E:\CTEX\MiKTeX\tex\generic\oberdiek\kvdefinekeys.sty
Package: kvdefinekeys 2011/04/07 v1.3 Defining keys (HO)
))
(E:\CTEX\MiKTeX\tex\latex\oberdiek\kvoptions.sty
Package: kvoptions 2010/12/23 v3.10 Keyval support for LaTeX options (HO)

(E:\CTEX\MiKTeX\tex\generic\oberdiek\kvsetkeys.sty
Package: kvsetkeys 2011/04/07 v1.13 Key value parser (HO)

(E:\CTEX\MiKTeX\tex\generic\oberdiek\etexcmds.sty
Package: etexcmds 2011/02/16 v1.5 Prefix for e-TeX command names (HO)

(E:\CTEX\MiKTeX\tex\generic\oberdiek\ifluatex.sty
Package: ifluatex 2010/03/01 v1.3 Provides the ifluatex switch (HO)
Package ifluatex Info: LuaTeX not detected.
)
Package etexcmds Info: Could not find \expanded.
(etexcmds)             That can mean that you are not using pdfTeX 1.50 or
(etexcmds)             that some package has redefined \expanded.
(etexcmds)             In the latter case, load this package earlier.
)))
(E:\CTEX\MiKTeX\tex\generic\oberdiek\pdftexcmds.sty
Package: pdftexcmds 2011/04/22 v0.16 Utilities of pdfTeX for LuaTeX (HO)

(E:\CTEX\MiKTeX\tex\generic\oberdiek\ifpdf.sty
Package: ifpdf 2011/01/30 v2.3 Provides the ifpdf switch (HO)
Package ifpdf Info: pdfTeX in PDF mode is detected.
)
Package pdftexcmds Info: LuaTeX not detected.
Package pdftexcmds Info: \pdf@primitive is available.
Package pdftexcmds Info: \pdf@ifprimitive is available.
Package pdftexcmds Info: \pdfdraftmode found.
)
Package grfext Info: Graphics extension search list:
(grfext)             [.png,.pdf,.jpg,.mps,.jpeg,.jbig2,.jb2,.PNG,.PDF,.JPG,.JPE
G,.JBIG2,.JB2,.eps]
(grfext)             \AppendGraphicsExtensions on input line 452.
))
(E:\CTEX\MiKTeX\tex\latex\multirow\multirow.sty
\bigstrutjot=\dimen129
)
(E:\CTEX\MiKTeX\tex\latex\ltxmisc\url.sty
\Urlmuskip=\muskip11
Package: url 2006/04/12  ver 3.3  Verb mode for urls, etc.
)
(E:\CTEX\MiKTeX\tex\latex\graphics\color.sty
Package: color 2005/11/14 v1.0j Standard LaTeX Color (DPC)

(E:\CTEX\MiKTeX\tex\latex\00miktex\color.cfg
File: color.cfg 2007/01/18 v1.5 color configuration of teTeX/TeXLive
)
Package color Info: Driver file: pdftex.def on input line 130.
)
(E:\CTEX\MiKTeX\tex\latex\algorithms\algorithmic.sty
Package: algorithmic 2009/08/24 v0.1 Document Style `algorithmic'
\c@ALC@unique=\count108
\c@ALC@line=\count109
\c@ALC@rem=\count110
\c@ALC@depth=\count111
\ALC@tlm=\skip64
\algorithmicindent=\skip65
)
(E:\CTEX\MiKTeX\tex\latex\geometry\geometry.sty
Package: geometry 2010/09/12 v5.6 Page Geometry

(E:\CTEX\MiKTeX\tex\generic\oberdiek\ifvtex.sty
Package: ifvtex 2010/03/01 v1.5 Switches for detecting VTeX and its modes (HO)
Package ifvtex Info: VTeX not detected.
)
(E:\CTEX\MiKTeX\tex\generic\ifxetex\ifxetex.sty
Package: ifxetex 2010/09/12 v0.6 Provides ifxetex conditional
)
\Gm@cnth=\count112
\Gm@cntv=\count113
\c@Gm@tempcnt=\count114
\Gm@bindingoffset=\dimen130
\Gm@wd@mp=\dimen131
\Gm@odd@mp=\dimen132
\Gm@even@mp=\dimen133
\Gm@layoutwidth=\dimen134
\Gm@layoutheight=\dimen135
\Gm@layouthoffset=\dimen136
\Gm@layoutvoffset=\dimen137
\Gm@dimlist=\toks28

(E:\CTEX\MiKTeX\tex\latex\geometry\geometry.cfg))
(E:\CTEX\MiKTeX\tex\latex\algorithm2e\algorithm2e.sty
Package: algorithm2e 2008/00/00 v3.10 algorithms environments
\c@AlgoLine=\count115

(E:\CTEX\MiKTeX\tex\latex\ltxmisc\relsize.sty
Package: relsize 2003/07/04 ver 3.1
)
********************************************************
Package `algorithm2e' Release 4.01 -- december 14 2009 --
- algorithm2e-announce@lirmm.fr mailing list for announcement about releases
- algorithm2e-discussion@lirmm.fr mailing list for discussion about package
subscribe by emailing sympa@lirmm.fr with 'subscribe <list> <firstname name>'
- Author: Christophe Fiorio (fiorio@lirmm.fr)
********************************************************
\skiptotal=\skip66
\skiplinenumber=\skip67
\skiprule=\skip68
\skiphlne=\skip69
\skiptext=\skip70
\skiplength=\skip71
\algomargin=\skip72
\skipalgocfslide=\skip73
\algowidth=\dimen138
\inoutsize=\dimen139
\inoutline=\dimen140
\interspacetitleruled=\dimen141
\interspacealgoruled=\dimen142
\interspacetitleboxruled=\dimen143
\algocf@inoutbox=\box28
\algocf@inputbox=\box29
\AlCapSkip=\skip74
\AlCapHSkip=\skip75
\algocf@nlbox=\box30
\algocf@hangingbox=\box31
\algocf@capbox=\box32
\algoheightruledefault=\skip76
\algoheightrule=\skip77
\algotitleheightruledefault=\skip78
\algotitleheightrule=\skip79
\c@algocfline=\count116
\c@algocfproc=\count117
\c@algocf=\count118
\algocf@algoframe=\box33
\algocf@algobox=\box34
)
\c@definition=\count119
\c@problem=\count120
\c@contribution=\count121
\c@condition=\count122
\c@conclusion=\count123
\c@construct=\count124
\c@theorem=\count125
\c@lemma=\count126
\c@proposition=\count127
 ("G:\Dropbox\Dropbox\2018 MCM\latex\main.aux")
LaTeX Font Info:    Checking defaults for OML/cmm/m/it on input line 96.
LaTeX Font Info:    ... okay on input line 96.
LaTeX Font Info:    Checking defaults for T1/cmr/m/n on input line 96.
LaTeX Font Info:    ... okay on input line 96.
LaTeX Font Info:    Checking defaults for OT1/cmr/m/n on input line 96.
LaTeX Font Info:    ... okay on input line 96.
LaTeX Font Info:    Checking defaults for OMS/cmsy/m/n on input line 96.
LaTeX Font Info:    ... okay on input line 96.
LaTeX Font Info:    Checking defaults for OMX/cmex/m/n on input line 96.
LaTeX Font Info:    ... okay on input line 96.
LaTeX Font Info:    Checking defaults for U/cmr/m/n on input line 96.
LaTeX Font Info:    ... okay on input line 96.
LaTeX Font Info:    Try loading font information for OT1+ppl on input line 96.

(E:\CTEX\MiKTeX\tex\latex\psnfss\ot1ppl.fd
File: ot1ppl.fd 2001/06/04 font definitions for OT1/ppl.
)
Package lastpage Info: Please have a look at the pageslts package at
(lastpage)             http://www.ctan.org/tex-archive/ 
(lastpage)             macros/latex/contrib/pageslts/ 
(lastpage)             or
(lastpage)             http://www.ctan.org/tex-archive/ 
(lastpage)             install/macros/latex/contrib/pageslts.tds.zip
(lastpage)             ! on input line 96.

(E:\CTEX\MiKTeX\tex\context\base\supp-pdf.mkii
[Loading MPS to PDF converter (version 2006.09.02).]
\scratchcounter=\count128
\scratchdimen=\dimen144
\scratchbox=\box35
\nofMPsegments=\count129
\nofMParguments=\count130
\everyMPshowfont=\toks29
\MPscratchCnt=\count131
\MPscratchDim=\dimen145
\MPnumerator=\count132
\makeMPintoPDFobject=\count133
\everyMPtoPDFconversion=\toks30
)
*geometry* driver: auto-detecting
*geometry* detected driver: pdftex
*geometry* verbose mode - [ preamble ] result:
* driver: pdftex
* paper: <default>
* layout: <same size as paper>
* layoutoffset:(h,v)=(0.0pt,0.0pt)
* modes: 
* h-part:(L,W,R)=(92.14519pt, 430.00462pt, 92.14519pt)
* v-part:(T,H,B)=(95.39737pt, 556.47656pt, 143.09605pt)
* \paperwidth=614.295pt
* \paperheight=794.96999pt
* \textwidth=430.00462pt
* \textheight=556.47656pt
* \oddsidemargin=19.8752pt
* \evensidemargin=19.8752pt
* \topmargin=-13.87262pt
* \headheight=12.0pt
* \headsep=25.0pt
* \topskip=11.0pt
* \footskip=30.0pt
* \marginparwidth=59.0pt
* \marginparsep=10.0pt
* \columnsep=10.0pt
* \skip\footins=10.0pt plus 4.0pt minus 2.0pt
* \hoffset=0.0pt
* \voffset=0.0pt
* \mag=1000
* \@twocolumnfalse
* \@twosidefalse
* \@mparswitchfalse
* \@reversemarginfalse
* (1in=72.27pt=25.4mm, 1cm=28.453pt)

("G:\Dropbox\Dropbox\2018 MCM\latex\handout.tex"
LaTeX Font Info:    Font shape `OT1/ppl/bx/n' in size <10.95> not available
(Font)              Font shape `OT1/ppl/b/n' tried instead on input line 1.

Underfull \hbox (badness 10000) in paragraph at lines 2--11

 []


Underfull \hbox (badness 10000) in paragraph at lines 2--11

 []


Underfull \hbox (badness 10000) in paragraph at lines 2--11

 []

[1

{E:/CTEX/UserData/pdftex/config/pdftex.map{Unicode.sfd}{UGBK.sfd}}])
LaTeX Font Info:    Try loading font information for OML+zplm on input line 110
.

(E:\CTEX\MiKTeX\tex\latex\psnfss\omlzplm.fd
File: omlzplm.fd 2002/09/08 Fontinst v1.914 font definitions for OML/zplm.
)
LaTeX Font Info:    Try loading font information for OMS+zplm on input line 110
.

(E:\CTEX\MiKTeX\tex\latex\psnfss\omszplm.fd
File: omszplm.fd 2002/09/08 Fontinst v1.914 font definitions for OMS/zplm.
)
LaTeX Font Info:    Try loading font information for OMX+zplm on input line 110
.

(E:\CTEX\MiKTeX\tex\latex\psnfss\omxzplm.fd
File: omxzplm.fd 2002/09/08 Fontinst v1.914 font definitions for OMX/zplm.
)
LaTeX Font Info:    Font shape `U/msa/m/n' will be
(Font)              scaled to size 12.50409pt on input line 110.
LaTeX Font Info:    Font shape `U/msa/m/n' will be
(Font)              scaled to size 9.37807pt on input line 110.
LaTeX Font Info:    Font shape `U/msa/m/n' will be
(Font)              scaled to size 7.29405pt on input line 110.
LaTeX Font Info:    Font shape `U/msb/m/n' will be
(Font)              scaled to size 12.50409pt on input line 110.
LaTeX Font Info:    Font shape `U/msb/m/n' will be
(Font)              scaled to size 9.37807pt on input line 110.
LaTeX Font Info:    Font shape `U/msb/m/n' will be
(Font)              scaled to size 7.29405pt on input line 110.
LaTeX Font Info:    Try loading font information for OT1+zplm on input line 110
.

(E:\CTEX\MiKTeX\tex\latex\psnfss\ot1zplm.fd
File: ot1zplm.fd 2002/09/08 Fontinst v1.914 font definitions for OT1/zplm.
)
LaTeX Font Info:    Font shape `OT1/ppl/bx/n' in size <14.4> not available
(Font)              Font shape `OT1/ppl/b/n' tried instead on input line 111.

("G:\Dropbox\Dropbox\2018 MCM\latex\main.toc"
LaTeX Font Info:    Font shape `U/msa/m/n' will be
(Font)              scaled to size 11.40997pt on input line 3.
LaTeX Font Info:    Font shape `U/msa/m/n' will be
(Font)              scaled to size 8.33606pt on input line 3.
LaTeX Font Info:    Font shape `U/msa/m/n' will be
(Font)              scaled to size 6.25204pt on input line 3.
LaTeX Font Info:    Font shape `U/msb/m/n' will be
(Font)              scaled to size 11.40997pt on input line 3.
LaTeX Font Info:    Font shape `U/msb/m/n' will be
(Font)              scaled to size 8.33606pt on input line 3.
LaTeX Font Info:    Font shape `U/msb/m/n' will be
(Font)              scaled to size 6.25204pt on input line 3.
)
\tf@toc=\write3

("G:\Dropbox\Dropbox\2018 MCM\latex\introduction.tex" [1])
("G:\Dropbox\Dropbox\2018 MCM\latex\profile.tex"

Package Fancyhdr Warning: \headheight is too small (12.0pt): 
 Make it at least 13.59999pt.
 We now make it that large for the rest of the document.
 This may cause the page layout to be inconsistent, however.

[2]
LaTeX Font Info:    Font shape `OT1/ppl/bx/n' in size <12> not available
(Font)              Font shape `OT1/ppl/b/n' tried instead on input line 6.
LaTeX Font Info:    Font shape `U/msa/m/n' will be
(Font)              scaled to size 10.42007pt on input line 18.
LaTeX Font Info:    Font shape `U/msa/m/n' will be
(Font)              scaled to size 7.91925pt on input line 18.
LaTeX Font Info:    Font shape `U/msb/m/n' will be
(Font)              scaled to size 10.42007pt on input line 18.
LaTeX Font Info:    Font shape `U/msb/m/n' will be
(Font)              scaled to size 7.91925pt on input line 18.

Overfull \hbox (64.43222pt too wide) in paragraph at lines 18--31
 [][] 
 []

Package epstopdf Info: Source file: <figures/pie_chart.eps>
(epstopdf)                    date: 2018-02-10 20:26:29
(epstopdf)                    size: 5682431 bytes
(epstopdf)             Output file: <figures/pie_chart-eps-converted-to.pdf>
(epstopdf)                    date: 2018-02-10 20:28:23
(epstopdf)                    size: 263114 bytes
(epstopdf)             Command: <epstopdf --outfile=figures/pie_chart-eps-conve
rted-to.pdf figures/pie_chart.eps>
(epstopdf)             \includegraphics on input line 42.
Package epstopdf Info: Output file is already uptodate.
<figures/pie_chart-eps-converted-to.pdf, id=13, 421.575pt x 316.18124pt>
File: figures/pie_chart-eps-converted-to.pdf Graphic file (type pdf)

<use figures/pie_chart-eps-converted-to.pdf>
Package pdftex.def Info: figures/pie_chart-eps-converted-to.pdf used on input l
ine 42.
(pdftex.def)             Requested size: 231.26378pt x 173.45154pt.

<figures/charger_distribution.pdf, id=14, 421.575pt x 316.18124pt>
File: figures/charger_distribution.pdf Graphic file (type pdf)

<use figures/charger_distribution.pdf>
Package pdftex.def Info: figures/charger_distribution.pdf used on input line 55
.
(pdftex.def)             Requested size: 231.26378pt x 173.45154pt.

<figures/road_map_us.pdf, id=15, 430.69406pt x 265.75485pt>
File: figures/road_map_us.pdf Graphic file (type pdf)

<use figures/road_map_us.pdf>
Package pdftex.def Info: figures/road_map_us.pdf used on input line 64.
(pdftex.def)             Requested size: 231.26378pt x 142.69852pt.
 [3] [4 <G:/Dropbox/Dropbox/2018 MCM/latex/figures/pie_chart-eps-converted-to.p
df> <G:/Dropbox/Dropbox/2018 MCM/latex/figures/charger_distribution.pdf>] [5 <G
:/Dropbox/Dropbox/2018 MCM/latex/figures/road_map_us.pdf>] <figures/failure_cas
e.pdf, id=200, 467.80371pt x 122.06203pt>
File: figures/failure_case.pdf Graphic file (type pdf)

<use figures/failure_case.pdf>
Package pdftex.def Info: figures/failure_case.pdf used on input line 161.
(pdftex.def)             Requested size: 375.80377pt x 98.05948pt.
)
("G:\Dropbox\Dropbox\2018 MCM\latex\architecture.tex" [6 <G:/Dropbox/Dropbox/20
18 MCM/latex/figures/failure_case.pdf>]
<figures/system_architecture.pdf, id=216, 570.09985pt x 283.65173pt>
File: figures/system_architecture.pdf Graphic file (type pdf)

<use figures/system_architecture.pdf>
Package pdftex.def Info: figures/system_architecture.pdf used on input line 22.

(pdftex.def)             Requested size: 289.07999pt x 143.82945pt.
)
("G:\Dropbox\Dropbox\2018 MCM\latex\basic_model.tex" [7 <G:/Dropbox/Dropbox/201
8 MCM/latex/figures/system_architecture.pdf>] [8]
<figures/city_model.pdf, id=248, 3276.47084pt x 665.8697pt>
File: figures/city_model.pdf Graphic file (type pdf)

<use figures/city_model.pdf>
Package pdftex.def Info: figures/city_model.pdf used on input line 111.
(pdftex.def)             Requested size: 484.20877pt x 98.4029pt.

Overfull \hbox (54.20415pt too wide) in paragraph at lines 111--113
 [][] 
 []

) ("G:\Dropbox\Dropbox\2018 MCM\latex\problem_formulation.tex" [9] [10 <G:/Drop
box/Dropbox/2018 MCM/latex/figures/city_model.pdf>]
<figures/graph_example.pdf, id=263, 500.93068pt x 322.20274pt>
File: figures/graph_example.pdf Graphic file (type pdf)

<use figures/graph_example.pdf>
Package pdftex.def Info: figures/graph_example.pdf used on input line 66.
(pdftex.def)             Requested size: 252.94499pt x 162.69388pt.
 [11 <G:/Dropbox/Dropbox/2018 MCM/latex/figures/graph_example.pdf>]) ("G:\Dropb
ox\Dropbox\2018 MCM\latex\method.tex"
LaTeX Font Info:    Font shape `OT1/ppl/bx/n' in size <10> not available
(Font)              Font shape `OT1/ppl/b/n' tried instead on input line 14.
LaTeX Font Info:    Font shape `OT1/ppl/bx/n' in size <6.94446> not available
(Font)              Font shape `OT1/ppl/b/n' tried instead on input line 16.


pdfTeX warning: pdflatex.exe (file G:/Dropbox/Dropbox/2018 MCM/latex/figures/st
age0.pdf): PDF inclusion: found PDF version <1.6>, but at most version <1.5> al
lowed
<figures/stage0.pdf, id=286, 919.1138pt x 973.91858pt>
File: figures/stage0.pdf Graphic file (type pdf)

<use figures/stage0.pdf>
Package pdftex.def Info: figures/stage0.pdf used on input line 39.
(pdftex.def)             Requested size: 144.54pt x 153.15521pt.

<figures/stage1.pdf, id=287, 919.03348pt x 973.83826pt>
File: figures/stage1.pdf Graphic file (type pdf)

<use figures/stage1.pdf>
Package pdftex.def Info: figures/stage1.pdf used on input line 40.
(pdftex.def)             Requested size: 144.54pt x 153.15744pt.

<figures/stage2.pdf, id=288, 919.03348pt x 973.83826pt>
File: figures/stage2.pdf Graphic file (type pdf)

<use figures/stage2.pdf>
Package pdftex.def Info: figures/stage2.pdf used on input line 41.
(pdftex.def)             Requested size: 144.54pt x 153.15744pt.
 [12]

LaTeX Warning: `h' float specifier changed to `ht'.

) ("G:\Dropbox\Dropbox\2018 MCM\latex\model_extend.tex" [13] [14 <G:/Dropbox/Dr
opbox/2018 MCM/latex/figures/stage0.pdf> <G:/Dropbox/Dropbox/2018 MCM/latex/fig
ures/stage1.pdf> <G:/Dropbox/Dropbox/2018 MCM/latex/figures/stage2.pdf>]
<figures/evolution.pdf, id=320, 421.57521pt x 316.80658pt>
File: figures/evolution.pdf Graphic file (type pdf)

<use figures/evolution.pdf>
Package pdftex.def Info: figures/evolution.pdf used on input line 44.
(pdftex.def)             Requested size: 216.81pt x 162.93242pt.


pdfTeX warning: pdflatex.exe (file G:/Dropbox/Dropbox/2018 MCM/latex/figures/Ir
e_Population_Dens.pdf): PDF inclusion: found PDF version <1.6>, but at most ver
sion <1.5> allowed
<figures/Ire_Population_Dens.pdf, id=321, 642.4pt x 803.0pt>
File: figures/Ire_Population_Dens.pdf Graphic file (type pdf)

<use figures/Ire_Population_Dens.pdf>
Package pdftex.def Info: figures/Ire_Population_Dens.pdf used on input line 56.

(pdftex.def)             Requested size: 144.54pt x 180.6672pt.


pdfTeX warning: pdflatex.exe (file G:/Dropbox/Dropbox/2018 MCM/latex/figures/Ir
e_wealth.pdf): PDF inclusion: found PDF version <1.6>, but at most version <1.5
> allowed
<figures/Ire_wealth.pdf, id=322, 310.18886pt x 457.75015pt>
File: figures/Ire_wealth.pdf Graphic file (type pdf)

<use figures/Ire_wealth.pdf>
Package pdftex.def Info: figures/Ire_wealth.pdf used on input line 57.
(pdftex.def)             Requested size: 144.54pt x 213.29865pt.


LaTeX Warning: `h' float specifier changed to `ht'.

[15 <G:/Dropbox/Dropbox/2018 MCM/latex/figures/evolution.pdf>]
Overfull \hbox (15.17279pt too wide) in paragraph at lines 81--82
\OT1/ppl/m/n/10.95 there is no doubt that chang-ing the bat-tery is much more c
on-ve-nien-t and less time-consuming
 []


Overfull \hbox (2.58038pt too wide) in paragraph at lines 81--82
\OT1/ppl/m/n/10.95 com-par-ing with stop-ping at the charg-ing s-ta-tion and wa
it-ing for the ve-hi-cles to be charged. 
 []

) ("G:\Dropbox\Dropbox\2018 MCM\latex\conclusion.tex" [16 <G:/Dropbox/Dropbox/2
018 MCM/latex/figures/Ire_Population_Dens.pdf> <G:/Dropbox/Dropbox/2018 MCM/lat
ex/figures/Ire_wealth.pdf>]) ("G:\Dropbox\Dropbox\2018 MCM\latex\main.bbl"
Underfull \hbox (badness 10000) in paragraph at lines 37--39
[]\OT1/ppl/m/n/10.95 ``The in-tro-duc-tion of di-jk-stra's al-go-rith-m,'' $htt
ps : / / en . wikipedia . org / wiki /$
 []


Underfull \hbox (badness 3098) in paragraph at lines 56--58
[]\OT1/ppl/m/n/10.95 ``The map of los an-ge-les,'' $https : / / www . google . 
com / maps / @34 . 0938553 ,[] -[]118 .$
 []

[17]) 
AED: lastpage setting LastPage
[18]

Remember, do not put the names of any team members,
your advisor, or your institution in the document!

("G:\Dropbox\Dropbox\2018 MCM\latex\main.aux") ) 
Here is how much of TeX's memory you used:
 5341 strings out of 495354
 70587 string characters out of 3183859
 159973 words of memory out of 3000000
 8300 multiletter control sequences out of 15000+200000
 62632 words of font info for 173 fonts, out of 3000000 for 9000
 15 hyphenation exceptions out of 8191
 42i,24n,48p,907b,500s stack positions out of 5000i,500n,10000p,200000b,50000s
{E:/CTEX/MiKTeX/fonts/enc/dvips
/fontname/8r.enc}<E:/CTEX/MiKTeX/fonts/type1/public/amsfonts/cm/cmex10.pfb><E:/
CTEX/MiKTeX/fonts/type1/public/amsfonts/cm/cmr10.pfb><E:/CTEX/MiKTeX/fonts/type
1/public/amsfonts/cm/cmsy10.pfb><E:/CTEX/MiKTeX/fonts/type1/public/amsfonts/cm/
cmtt10.pfb><E:/CTEX/MiKTeX/fonts/type1/public/mathpazo/fplmr.pfb><E:/CTEX/MiKTe
X/fonts/type1/public/mathpazo/fplmri.pfb><E:/CTEX/MiKTeX/fonts/type1/public/ams
fonts/symbols/msam10.pfb><E:/CTEX/MiKTeX/fonts/type1/urw/palatino/uplb8a.pfb><E
:/CTEX/MiKTeX/fonts/type1/urw/palatino/uplr8a.pfb><E:/CTEX/MiKTeX/fonts/type1/u
rw/palatino/uplri8a.pfb>
Output written on main.pdf (19 pages, 9171373 bytes).
PDF statistics:
 397 PDF objects out of 1000 (max. 8388607)
 0 named destinations out of 1000 (max. 500000)
 66 words of extra memory for PDF output out of 10000 (max. 10000000)

